-------------- START --------------
{
  optionalServices: [
    '00010203-0405-0607-0809-0a0b0c0d1912',
    'ebe0ccb0-7a0a-4b0c-8a1a-6ff2997da3a6',
    '22210000-554a-4546-5542-46534450464d',
    6154,
    65173,
    7952,
    7953,
    6170,
    65529,
    64973,
    65504
  ],
  acceptAllDevices: false,
  filters: [ { namePrefix: 'ATC' } ]
}
Searching for devices
8:54:38 AM: Searching for devices
8:54:40 AM: Connecting to: ATC_055899
Status: Connecting to: ATC_055899 ...
<ref *1> C {
  domain: null,
  _events: s <[Object: null prototype] {}> {
    gattserverdisconnected: [Function: onDisconnected]
  },
  _eventsCount: 1,
  _maxListeners: undefined,
  isEventListenerObject: [Function (anonymous)],
  id: 'a4:c1:38:05:58:99',
  name: 'ATC_055899',
  gatt: V {
    device: [Circular *1],
    _connected: false,
    handle: 'a4:c1:38:05:58:99',
    services: null
  },
  watchingAdvertisements: false,
  _bluetooth: k {
    domain: null,
    _events: s <[Object: null prototype] {}> {},
    _eventsCount: 0,
    _maxListeners: undefined,
    isEventListenerObject: [Function (anonymous)],
    deviceFound: undefined,
    scanTime: 10240,
    scanner: null,
    referringDevice: undefined
  },
  _allowedServices: [
    '00010203-0405-0607-0809-0a0b0c0d1912',
    'ebe0ccb0-7a0a-4b0c-8a1a-6ff2997da3a6',
    '22210000-554a-4546-5542-46534450464d',
    '0000180a-0000-1000-8000-00805f9b34fb',
    '0000fe95-0000-1000-8000-00805f9b34fb',
    '00001f10-0000-1000-8000-00805f9b34fb',
    '00001f11-0000-1000-8000-00805f9b34fb',
    '0000181a-0000-1000-8000-00805f9b34fb',
    '0000fff9-0000-1000-8000-00805f9b34fb',
    '0000fdcd-0000-1000-8000-00805f9b34fb',
    '0000ffe0-0000-1000-8000-00805f9b34fb'
  ],
  _serviceUUIDs: [],
  watchAdvertisements: undefined,
  adData: {
    rssi: -50,
    txPower: undefined,
    serviceData: Map(1) { '0000181a-0000-1000-8000-00805f9b34fb' => [DataView] },
    manufacturerData: Map(0) {}
  }
}
bluetoothDevice is: + ATC_055899
doConnect: ATC_055899
Found GATT server
found services: 5
Services: 0000180a-0000-1000-8000-00805f9b34fb
Services: 0000181a-0000-1000-8000-00805f9b34fb
Services: 00010203-0405-0607-0809-0a0b0c0d1912
Services: 00001f10-0000-1000-8000-00805f9b34fb
Services: 0000fe95-0000-1000-8000-00805f9b34fb
Found Telink OTA service
Found Telink OTA write characteristic
Found Device Information Service
Get Hardware Revision String
Status: Get Hardware Revision String...
Hardware Revision String: B1.7
8:54:43 AM: Hardware Revision String: B1.7
8:54:43 AM: Detected custom Firmware
Status: Detected custom Firmware
8:54:43 AM: custcfg: 
Found custom Main service (0x1f10)
Found custom read-write characteristic (0x1f1f)
{
  broadcast: false,
  read: true,
  writeWithoutResponse: true,
  write: false,
  notify: true,
  indicate: false,
  authenticatedSignedWrites: false,
  reliableWrite: false,
  writableAuxiliaries: false
}
Start Notifications (0x1f1f)
Add EventListener (0x1f1f)
Read Characteristics (0x1f1f)
85 12
Status: Hardware Version: LYWSD03MMC B1.7, Software Version: 4.3
Hardware Version: LYWSD03MMC B1.7, Software Version: 4.3, Sensor: SHT4x
8:54:43 AM: Hardware Version: LYWSD03MMC B1.7, Software Version: 4.3, Sensor: SHT4x
Custom config: [149, 16, 0, 0, 24, 4, 169, 49, 49, 0, 0]
8:54:43 AM: Custom config: [149, 16, 0, 0, 24, 4, 169, 49, 49, 0, 0]
Send cmd (3303): Query 3 measurements
Send cmd ok
51 13
Vbat: 3188 mV , Temp: 28.37°C, Humi: 59.94%, Count: 782, flg: 0x04:r0/t0
51 13
Vbat: 3188 mV , Temp: 28.39°C, Humi: 59.75%, Count: 784, flg: 0x04:r0/t0
51 13
Vbat: 3188 mV , Temp: 28.40°C, Humi: 59.02%, Count: 786, flg: 0x04:r0/t0
now 1697792108539 lastTime 1697792083639