...~.....D (165850) RPCW: get: topic[$aws/things/MC94B555770980/shadow/update/accepted] msg[{"state":{"reported":{"nodes":{"0034945400082400":{"relayRenderTimestamp":1698715356,"taskId":1630,"priority":1}}}},"metadata":{"reported":{"nodes":{"0034945400082400":{"relayRenderTimestamp":{"timestamp":1698715357},"taskId":{"timestamp":1698715357},"priority":{"timestamp":1698715357}}}}},"version":1129,"timestamp":1698715357}]
D (165867) IDLE: reset sys idle time reason: got mqtt accepted msg
I (165945) MANAGER: node relay render modified 0034945400082400 @1630 priority=1
I (165991) HTTP_RD: 0034945400082400 add asynchronous task:<Task>
D (166219) HTTP: get_relay_renders url: https://api.sync-sign.com/beta/nodes/0034945400082400/renders
D (166282) REQS: waiting for requests idle 1
D (166413) REQS: header received (api.sync-sign.com)
D (166428) REQS: receiving: 138 bytes
.D (166466) HTTP: POST status code: 200
I (166550) BLEONLINE: Equipment Dict: {'0034945400082400': '4CZmRkmzrppRMAX3', '00c8f09e72c65c00': None}
I (170989) BLEONLINE: Need to report ble node info 1 times
I (171008) REQS: connecting to https://api.sync-sign.com:443/beta/nodes/0034945400082400/renders
D (171045) RPCW: get: topic[$aws/things/MC94B555770980/shadow/update/accepted] msg[{"state":{"reported":{"nodes":{"00c8f09e72c65c00":{"notifyRefreshTimestamp":1698715362,"notifyRefreshId":1631,"notifyRefreshPrio":1}}}},"metadata":{"reported":{"nodes":{"00c8f09e72c65c00":{"notifyRefreshTimestamp":{"timestamp":1698715362},"notifyRefreshId":{"timestamp":1698715362},"notifyRefreshPrio":{"timestamp":1698715362}}}}},"version":1130,"timestamp":1698715362}]
D (171064) IDLE: reset sys idle time reason: got mqtt accepted msg
I (171159) MANAGER: node relay render modified 00c8f09e72c65c00 @1631 priority=1
W (171181) NET: wifi rssi = -29
_D (171226) BLEMGR: waiting for requests
~I (171286) HTTP_RD: 00c8f09e72c65c00 add asynchronous task:<Task>
D (171458) HTTP: get_relay_renders url: https://api.sync-sign.com/beta/nodes/00c8f09e72c65c00/renders
D (171521) REQS: waiting for requests idle 1
D (174432) REQS: sending... (api.sync-sign.com)
.D (174472) REQS: reading... (api.sync-sign.com)
......D (176019) BLEONLINE: report surrounding nodes
D (177754) HTTP: report_ble_nodes_for_relay url: https://api.sync-sign.com/beta/relay_devices/MC94B555770980
D (177784) HTTP: report_ble_nodes_for_relay list: ["00D4D4DA7937B800", "00D4D4DA22D4FC00", "0030AEA4FFFE1F00", "0034945400000300", "0034945400074500", "0030AEA400DA1100", "003494540007BD00", "0034945400078100", "0008161F00003600", "0030AEA400097600", "00D4D4DA22D51000", "000000000000D900", "0030AEA400003600", "0030AEA400092A00", "0034945400087C00", "0030AEA4FFFE2800", "0008B61F0000FE00", "0030AEA40000CC00", "0030AEA4004AE500", "0030AEA40000E300", "0034945400070000", "0030AEA400002500", "0030AEA400A26800", "0030AEA400000F00", "00D4D4DA7930E000", "0030AEA400FFC300", "000C8B9541C50C00", "0034945400074C00", "00D4D4DA792FD400", "0034945400077500", "00A4C13875B4A400", "0034945400074600", "0034945400088000", "00D4D4DA79348C00", "0034945400076A00", "0030AEA400396C00", "0030AEA400097B00", "0030AEA400FFC600", "00D4D4DA7932C800", "0030AEA400191F00", "0030AEA40000F800", "00C8F09E71E7D800", "0030AEA400006000", "0030AEA40000EA00", "0030AEA400008E00", "0030AEA40017D900", "0034945400076300", "0030AEA400006B00", "0034945400002600", "0034945400075C00", "0030AEA400000900", "00D4D4DA7932B800", "003494540008AD00", "0030AEA400D94B00", "0030AEA400003900", "0030AEA400091200", "0034945400072600", "00D4D4DA792FF000", "003494540007A700", "0034945400001400", "0030AEA400000600", "0030AEA40000C100", "0000000000110700", "003494540007EF00", "0030AEA40000AA00", "00B0B21C055E2C00", "0034945400082400", "0030AEA40000D600", "0008B61F00030C00", "0030AEA40000B600", "0030AEA400009C00", "0034945400000500", "00D4D4DA22D55C00", "0034945400076000", "0030AEA4004B1300", "0034945400075F00", "00D4D4DA7937A400", "003494540008A700", "0008B61F00033800", "0034945400077700", "0030AEA40000BF00", "0034945400003500", "0030AEA400498500", "0034945400074400", "00D4D4DA7934C400", "0008161F00001400", "00A4C138CEE93D00", "0030AEA400000300", "0030AEA400004600", "000000000000D800", "0034945400086900", "0030AEA40000FE00", "0030AEA40000D300", "0034945400087B00", "0030AEA40000ED00", "0030AEA400009F00", "0034945400000000", "0030AEA40000B800", "00D4D4DA7932A800", "00A4C13820225200", "0030AEA4004A5C00", "00A4C138AEABD500", "00D4D4DA792FE400", "0034945400077B00", "0030AEA40086B300", "0034945400077200", "000CB81507ED8C00", "0030AEA4FFFF2600", "0030AEA4FFFE2900", "0034945400070300", "0030AEA400096800", "0030AEA400005800", "0030AEA400192D00", "0030AEA40000E800", "003494540007AF00", "0034945400080D00", "0030AEA4002F6300", "0030AEA40000B300", "0030AEA40000A800", "0008B61F0000A300", "0030AEA40000A700", "000C8B9541C83800", "0030AEA400A15800", "0034945400076E00", "0030AEA400092300", "0034945400075D00", "00D4D4DA22D54400", "0030AEA400A1E200", "0034945400075500", "0008161F00001D00", "0034945400076200", "00D4D4DA79318400", "00D4D4DA79379400", "0030AEA40000A500", "0030AEA40000B100", "0030AEA400009900", "00D4D4DA79379C00", "0030AEA400009700", "0030AEA400009400", "000C8B9541C82000", "0030AEA40000C200", "00D4D4DA7932EC00", "0034945400088300", "0008B61F00003700", "0034945400077100", "00D4D4DA7937E000", "0030AEA400008800", "00D4D4DA7930AC00", "0030AEA4FFFE2A00", "0030AEA400D94100", "00D4D4DA22DB4800", "00D4D4DA7931A800", "00D4D4DA22D52000", "0030AEA400007B00", "003494540008A600", "00A4C138393E4A00", "005443B2BADFBC00", "0090380C62981400", "005443B2BADFB000", "0030AEA400094600", "00D4D4DA7937B400", "0030AEA400090800", "003494540008BA00", "0030AEA400022000", "000C8B9541C4F800", "00D4D4DA7937A800", "0030AEA400006F00", "0034945400000900", "00D4D4DA22D5A400", "0030AEA400007600", "0030AEA400497300", "0008B61F00043100", "00D4D4DA79309800", "0030AEA400006100", "0034945400079900", "0030AEA400CE0600", "0030AEA40000B900", "0034945400077C00", "0034945400076400", "0034945400071500", "00D4D4DA7937A000", "0034945400002500", "0034945400001500", "0000000000110300", "0030AEA400007E00", "0030AEA400161400", "0036342462A26B00", "00A4C138DAC75400", "0034945400086B00", "0030AEA40000C000", "0030AEA40017B600", "0008B61F0008E200", "0030AEA40003D500", "0034945400087100", "0034945400074000", "0030AEA400A12B00", "000C8B9541C49C00", "00D4D4DA7937C400", "0034945400073300", "00C8F09E72C65C00", "0030AEA400002A00", "0034945400077600", "0000000000BBCF00", "0030AEA40018EC00", "00D4D4DA7931B000", "0030AEA400004700", "0034945400076100", "0030AEA400A20C00", "0034945400011200", "00E33714386BF800", "0034945400075300", "0030AEA4FFFE2000"]
D (178032) REQS: waiting for requests idle 1
D (178053) BLEMGR: waiting for requests
~.D (178120) REQS: header received (api.sync-sign.com)
D (178135) REQS: receiving: 1126 bytes
D (178175) HTTP: GET status code: 200
D (178429) HTTP_RD: relay render 0034945400082400
I (178448) REQS: connecting to https://api.sync-sign.com:443/beta/relay_devices/MC94B555770980
curr connection list :['0034945400082400_render_template']
I (178510) STPH: sending 4 bytes to b'4\x94T\x00\x08$' [FFF4] retry=10 (keep connection)
I (178532) BLEMGR: BLE Connecting to 349454000824...
D (181642) BLECNTL: _IRQ_PERIPHERAL_CONNECT handle=0 addrtype=0 addr=b'4\x94T\x00\x08$'
D (181657) BLEMGR: update last seen on connected
I (181672) BLEMGR: BLE Connected to 349454000824
W (181712) NET: wifi rssi = -30
_.D (181761) REQS: sending... (api.sync-sign.com)
D (181892) BLECNTL: MTU EXCHANGED conn=0 mtu=247
D (181937) REQS: reading... (api.sync-sign.com)
..D (182193) BLECNTL: TX complete, conn=0 valh=24 status=0
D (182215) BLEMGR: subscribe to 349454000824 ok
D (182235) SR: MTU Exchanged: 244
D (182250) SR:    sending chunk b'\x03\x02\x01\x05' (l=4)
.D (182493) BLECNTL: RX 0 23 b'\x04\x03\x05\\\x06'
D (182515) BLEMGR: got notified from 349454000824: b'\x04\x03\x05\\\x06'
D (182530) STPH: RX from b'4\x94T\x00\x08$': b'\x04\x03\x05\\\x06'
I (182558) STPH: querySetResultDict:{'targetTaskId': 1628}
D (182566) BLEMGR:   onRx returned None
D (182581) BLECNTL: TX complete, conn=0 valh=23 status=0
D (182602) BLEMGR: write 349454000824 with response ok
I (182621) SR: all chunks(s) sent.
D (182629) SR: don't disconnect, will reuse connection later
D (182650) STPL: send full bin tpl len=135
D (182666) STPH: CRC=0x33C8
D (182681) STPH: pkt len=141
I (182696) STPH: sending 143 bytes to b'4\x94T\x00\x08$' [FFF1] retry=10  (keep connection)
I (182711) SR: sendToSyncSignResume
..D (183068) DEV_MON: remove task monitor [loopScan]
~..D (183836) REQS: header received (api.sync-sign.com)
D (183850) REQS: receiving: 138 bytes
.D (183889) HTTP: POST status code: 200
I (183976) BLEONLINE: Equipment Dict: {'0034945400082400': '4CZmRkmzrppRMAX3', '00c8f09e72c65c00': None}
I (188456) BLEONLINE: Need to report ble node info 0 times
I (188477) REQS: connecting to https://api.sync-sign.com:443/beta/nodes/00c8f09e72c65c00/renders
~D (191585) REQS: sending... (api.sync-sign.com)
.D (191622) REQS: reading... (api.sync-sign.com)
W (191756) NET: wifi rssi = -29
_......D (193241) REQS: header received (api.sync-sign.com)
D (193255) REQS: receiving: 1127 bytes
D (193297) HTTP: GET status code: 200
D (193553) HTTP_RD: relay render 00c8f09e72c65c00
.~............W (196029) PAN_SR: ExpectResponse from 0x0 timeout, retry
W (196044) PAN_SR: blind sending, retry #1
D (196561) PAN_NET: --------------------------------------------------
D (196575) PAN_NET: target network address 0xffff FC=0
I (196597) PAN_SR: >>>>>>>>>>>>> sending to 0x0 (5 Bytes) tId=0 CMD=06, SEQ=0 (NOACK)
D (196618) PAN_SR: awaiting 15s for 0x0's ack
.........~................W (201801) NET: wifi rssi = -28
_........~.........................~................W (211844) NET: wifi rssi = -29
_.W (211998) PAN_SR: ExpectResponse from 0x0 timeout, retry
W (212013) PAN_SR: blind sending, retry #0
D (212530) PAN_NET: --------------------------------------------------
D (212545) PAN_NET: target network address 0xffff FC=0
I (212566) PAN_SR: >>>>>>>>>>>>> sending to 0x0 (5 Bytes) tId=0 CMD=06, SEQ=0 (NOACK)
D (212588) PAN_SR: awaiting 15s for 0x0's ack
....~.........................~..............D (221498) RLT: Model D75C_LEWI(b'\xc8\xf0\x9er\xc6\\') does not need to be issued by HUB
W (221507) CALASSET: no templatesRes, don't check Template Version
..W (221887) NET: wifi rssi = -29
_........~......................W (227966) PAN_SR: ExpectResponse from 0x0 timeout, retry
W (227981) PAN_SR: max retried blind sending completed
D (227996) PAN_SR: clear session of node 0x0, transId=0
I (228515) RLT: The equipment that needs to update LOGO this time: [b'4\x94T\x00\x08$']
~W (231931) NET: wifi rssi = -28
_~~W (241974) NET: wifi rssi = -29
_~~D (251803) RPCW: mqtt ping...
W (252017) NET: wifi rssi = -30
_D (252166) RPCW: pong...
~~W (262062) NET: wifi rssi = -28
_~~W (272106) NET: wifi rssi = -29
_~~W (282150) NET: wifi rssi = -30
_~~W (292194) NET: wifi rssi = -30
_~~W (302236) NET: wifi rssi = -29
_~~W (312280) NET: wifi rssi = -30
_~~W (322323) NET: wifi rssi = -31
_~~W (332366) NET: wifi rssi = -30
_~~W (342409) NET: wifi rssi = -28
_